warn: el user jesus@hotmail.com ya existe
error: hablar con el administrador - ruta - Crear Producto
error: hablar con el administrador - ruta - Actualizar Producto
error: hablar con el administrador - ruta - Crear Producto
error: hablar con el administrador - ruta - Crear Producto
error: hablar con el administrador - ruta - Crear Producto
error: hablar con el administrador - ruta - Crear Producto
error: hablar con el administrador - ruta - Crear Producto
error: hablar con el administrador - ruta - Crear Producto
error: hablar con el administrador - ruta - Crear Producto
error: hablar con el administrador - ruta - Crear Producto
error: hablar con el administrador - ruta - Crear Producto
error: hablar con el administrador - ruta - Crear Producto
error: hablar con el administrador - ruta - Crear Carrito
error: hablar con el administrador - ruta - Crear Carrito
warn: invalid credentials
error: hablar con el administrador - ruta - Crear Producto
error: hablar con el administrador - ruta - Actualizar Producto
error: hablar con el administrador - ruta - Mostrar Carrito
error: hablar con el administrador - ruta - Mostrar Carrito
error: hablar con el administrador - ruta - Crear Carrito
error: hablar con el administrador - ruta - Actualizar Carrito
error: hablar con el administrador - ruta - Actualizar Carrito
error: hablar con el administrador - ruta - Eliminar Carrito
error: hablar con el administrador - ruta - Eliminar Carrito
error: hablar con el administrador - ruta - Mostrar Carrito
